<?xml version="1.0" encoding="UTF-8"?>
<testsuite xmlns:xsi="http://www.w3.org/2001/XMLSchema-instance" xsi:noNamespaceSchemaLocation="https://maven.apache.org/surefire/maven-surefire-plugin/xsd/surefire-test-report-3.0.xsd" version="3.0" name="com.kyriosdata.assinador.FakeSignatureServiceTest" time="0.052" tests="4" errors="0" skipped="0" failures="0">
  <properties>
[...]
</properties>
  <testcase name="shouldReturnErrorForInvalidSimulatedSignature" classname="com.kyriosdata.assinador.FakeSignatureServiceTest" time="0.024"/>
  <testcase name="shouldReturnSimulatedSignatureForValidSignRequest" classname="com.kyriosdata.assinador.FakeSignatureServiceTest" time="0.0"/>
  <testcase name="shouldReturnErrorForInvalidSignRequest" classname="com.kyriosdata.assinador.FakeSignatureServiceTest" time="0.002"/>
  <testcase name="shouldValidateSimulatedSignatureCorrectly" classname="com.kyriosdata.assinador.FakeSignatureServiceTest" time="0.0"/>
</testsuite>